[+] Containers:
 |- [+] Container: /Game/Maps/FoliageTest
 |   |- [+] ActorDescs:
 |   |   |- Guid:0021E66247E17B22973F4E8583F638CB BaseClass:/Game/Character/Dog/DogClass.DogClass_C NativeClass:/Script/Engine.Character Name:DogClass_C_UAID_2CF05D62A2A547FC01_1949150770 Label:DogClass3 SpatiallyLoaded:1 Bounds:IsValid=true, Min=(X=34405.347 Y=17455.710 Z=-29.569), Max=(X=34587.539 Y=17529.559 Z=55.500) RuntimeGrid:None EditorOnly:0 RuntimeOnly:0 HLODRelevant:0
 |   |   |- Guid:03920DF94EEFC9F86CC66185D32A3DA1 BaseClass: NativeClass:/Script/Engine.StaticMeshActor Name:StaticMeshActor_UAID_A4AE111137DC54FB00_1240666663 Label:SM_SkySphere SpatiallyLoaded:0 Bounds:IsValid=true, Min=(X=-1638400.000 Y=-1638400.000 Z=-1638400.000), Max=(X=1638400.000 Y=1638400.000 Z=1638400.000) RuntimeGrid:None EditorOnly:0 RuntimeOnly:0 HLODRelevant:0 FolderPath:Lighting FolderGuid:B7E9BD5B45A652654791988DEF54CCEB
 |   |   |- Guid:13FE450241B5D9326CA9B38FB7F518B5 BaseClass: NativeClass:/Script/Foliage.InstancedFoliageActor Name:InstancedFoliageActor_25600_1_0_0 Label:InstancedFoliageActor_1_0_0 SpatiallyLoaded:1 Bounds:IsValid=true, Min=(X=25600.000 Y=0.000 Z=0.000), Max=(X=51200.000 Y=25600.000 Z=25600.000) RuntimeGrid:None EditorOnly:0 RuntimeOnly:0 HLODRelevant:1
 |   |   |- Guid:146D3E3040BAFC1FB8BF4ABC272DA94F BaseClass: NativeClass:/Script/Landscape.LandscapeStreamingProxy Name:LandscapeStreamingProxy_D7T4VF4LBP34PHV9XOEVM5TIG_1_5_2_0 Label:LandscapeStreamingProxy_5_2_0 SpatiallyLoaded:1 Bounds:IsValid=true, Min=(X=25200.000 Y=-50400.000 Z=0.781), Max=(X=50400.000 Y=-25200.000 Z=6920.312) RuntimeGrid:None EditorOnly:0 RuntimeOnly:0 HLODRelevant:1
 |   |   |- Guid:14CAF660463B77CA2636CF95175E965A BaseClass: NativeClass:/Script/NavigationSystem.RecastNavMesh Name:RecastNavMesh_UAID_2CF05D62A2A548FC01-Default Label:RecastNavMesh-Default SpatiallyLoaded:0 Bounds:IsValid=true, Min=(X=0.000 Y=0.000 Z=0.000), Max=(X=0.000 Y=0.000 Z=0.000) RuntimeGrid:None EditorOnly:0 RuntimeOnly:0 HLODRelevant:0
 |   |   |- Guid:15DDE30B415D326543845386162FEAC1 BaseClass: NativeClass:/Script/Foliage.InstancedFoliageActor Name:InstancedFoliageActor_25600_-1_1_0 Label:InstancedFoliageActor_-1_1_0 SpatiallyLoaded:1 Bounds:IsValid=true, Min=(X=-25600.000 Y=25600.000 Z=0.000), Max=(X=0.000 Y=51200.000 Z=25600.000) RuntimeGrid:None EditorOnly:0 RuntimeOnly:0 HLODRelevant:1
 |   |   |- Guid:1C18DE7D494342D016B686A01B18F71D BaseClass: NativeClass:/Script/Landscape.LandscapeStreamingProxy Name:LandscapeStreamingProxy_D7T4VF4LBP34PHV9XOEVM5TIG_1_2_3_0 Label:LandscapeStreamingProxy_2_3_0 SpatiallyLoaded:1 Bounds:IsValid=true, Min=(X=-50400.000 Y=-25200.000 Z=742.188), Max=(X=-25200.000 Y=0.000 Z=14350.781) RuntimeGrid:None EditorOnly:0 RuntimeOnly:0 HLODRelevant:1
 |   |   |- Guid:1D3D26F04B6DC10BEFB5B69E5CF914C8 BaseClass: NativeClass:/Script/Engine.VolumetricCloud Name:VolumetricCloud_UAID_A85E45CFE40401D200_1470381760 Label:VolumetricCloud SpatiallyLoaded:0 Bounds:IsValid=true, Min=(X=0.000 Y=0.000 Z=0.000), Max=(X=0.000 Y=0.000 Z=0.000) RuntimeGrid:None EditorOnly:0 RuntimeOnly:0 HLODRelevant:0 FolderPath:Lighting FolderGuid:B7E9BD5B45A652654791988DEF54CCEB
 |   |   |- Guid:1DE8D7AC4103A2EABA11649C7FCF8ACA BaseClass: NativeClass:/Script/Engine.SkyLight Name:SkyLight_UAID_A85E45CFE40401D200_1470380759 Label:SkyLight SpatiallyLoaded:0 Bounds:IsValid=true, Min=(X=0.000 Y=0.000 Z=0.000), Max=(X=0.000 Y=0.000 Z=0.000) RuntimeGrid:None EditorOnly:0 RuntimeOnly:0 HLODRelevant:0 FolderPath:Lighting FolderGuid:B7E9BD5B45A652654791988DEF54CCEB
 |   |   |- Guid:1E4725F843A58B96AEAEDDA042B1FFBC BaseClass: NativeClass:/Script/NavigationSystem.NavMeshBoundsVolume Name:NavMeshBoundsVolume_UAID_2CF05D62A2A548FC01_1082546947 Label:NavMeshBoundsVolume SpatiallyLoaded:0 Bounds:IsValid=true, Min=(X=23283.852 Y=7130.812 Z=-2218.018), Max=(X=51883.852 Y=28530.812 Z=2581.982) RuntimeGrid:None EditorOnly:0 RuntimeOnly:0 HLODRelevant:0
 |   |   |- Guid:1E7A6AD4437B2258C36CB490664720EA BaseClass: NativeClass:/Script/Landscape.LandscapeStreamingProxy Name:LandscapeStreamingProxy_D7T4VF4LBP34PHV9XOEVM5TIG_1_5_3_0 Label:LandscapeStreamingProxy_5_3_0 SpatiallyLoaded:1 Bounds:IsValid=true, Min=(X=25200.000 Y=-25200.000 Z=-3218.750), Max=(X=50400.000 Y=0.000 Z=3310.156) RuntimeGrid:None EditorOnly:0 RuntimeOnly:0 HLODRelevant:1
 |   |   |- Guid:218E3B124735712D7EF272B4FB8E7FF6 BaseClass: NativeClass:/Script/Landscape.Landscape Name:Landscape_UAID_A85E45CFE404FBD100_1221515703 Label:Landscape SpatiallyLoaded:0 Bounds:IsValid=true, Min=(X=-100800.000 Y=-100800.000 Z=100.000), Max=(X=-100800.000 Y=-100800.000 Z=100.000) RuntimeGrid:None EditorOnly:0 RuntimeOnly:0 HLODRelevant:0
 |   |   |- Guid:2CE12F874AA39D020A0F4BA5739BD305 BaseClass: NativeClass:/Script/Engine.SkyAtmosphere Name:SkyAtmosphere_UAID_A85E45CFE40401D200_1470382762 Label:SkyAtmosphere SpatiallyLoaded:0 Bounds:IsValid=true, Min=(X=0.000 Y=0.000 Z=0.000), Max=(X=0.000 Y=0.000 Z=0.000) RuntimeGrid:None EditorOnly:0 RuntimeOnly:0 HLODRelevant:0 FolderPath:Lighting FolderGuid:B7E9BD5B45A652654791988DEF54CCEB
 |   |   |- Guid:31A5522843888425734F278F802A023B BaseClass: NativeClass:/Script/Landscape.LandscapeStreamingProxy Name:LandscapeStreamingProxy_D7T4VF4LBP34PHV9XOEVM5TIG_1_3_2_0 Label:LandscapeStreamingProxy_3_2_0 SpatiallyLoaded:1 Bounds:IsValid=true, Min=(X=-25200.000 Y=-50400.000 Z=-285.938), Max=(X=0.000 Y=-25200.000 Z=5403.125) RuntimeGrid:None EditorOnly:0 RuntimeOnly:0 HLODRelevant:1
 |   |   |- Guid:379D238C4C039DD40DC053945725C1CA BaseClass: NativeClass:/Script/Foliage.InstancedFoliageActor Name:InstancedFoliageActor_25600_0_1_0 Label:InstancedFoliageActor_0_1_0 SpatiallyLoaded:1 Bounds:IsValid=true, Min=(X=0.000 Y=25600.000 Z=0.000), Max=(X=25600.000 Y=51200.000 Z=25600.000) RuntimeGrid:None EditorOnly:0 RuntimeOnly:0 HLODRelevant:1
 |   |   |- Guid:3CB82C3048E917BE63A384AA667EC153 BaseClass: NativeClass:/Script/Foliage.InstancedFoliageActor Name:InstancedFoliageActor_25600_-1_-1_0 Label:InstancedFoliageActor_-1_-1_0 SpatiallyLoaded:1 Bounds:IsValid=true, Min=(X=-25600.000 Y=-25600.000 Z=0.000), Max=(X=0.000 Y=0.000 Z=25600.000) RuntimeGrid:None EditorOnly:0 RuntimeOnly:0 HLODRelevant:1
 |   |   |- Guid:40C1341C44661A36F0C1E89FD85D2C88 BaseClass: NativeClass:/Script/Foliage.InstancedFoliageActor Name:InstancedFoliageActor_25600_0_-1_0 Label:InstancedFoliageActor_0_-1_0 SpatiallyLoaded:1 Bounds:IsValid=true, Min=(X=0.000 Y=-25600.000 Z=0.000), Max=(X=25600.000 Y=0.000 Z=25600.000) RuntimeGrid:None EditorOnly:0 RuntimeOnly:0 HLODRelevant:1
 |   |   |- Guid:46A29806469824C0618DAD88DBCE1F7B BaseClass: NativeClass:/Script/Landscape.LandscapeStreamingProxy Name:LandscapeStreamingProxy_D7T4VF4LBP34PHV9XOEVM5TIG_1_2_2_0 Label:LandscapeStreamingProxy_2_2_0 SpatiallyLoaded:1 Bounds:IsValid=true, Min=(X=-50400.000 Y=-50400.000 Z=1351.562), Max=(X=-25200.000 Y=-25200.000 Z=12488.281) RuntimeGrid:None EditorOnly:0 RuntimeOnly:0 HLODRelevant:1
 |   |   |- Guid:4B37AF0E45507CDD303D3295F25CABE6 BaseClass:/Game/Character/Bear/BearClass.BearClass_C NativeClass:/Script/Engine.Character Name:BearClass_C_UAID_2CF05D62A2A57EFC01_1764330447 Label:BearClass SpatiallyLoaded:1 Bounds:IsValid=true, Min=(X=41647.544 Y=12364.065 Z=-22.721), Max=(X=42084.460 Y=12650.929 Z=328.209) RuntimeGrid:None EditorOnly:0 RuntimeOnly:0 HLODRelevant:0
 |   |   |- Guid:4C40ED9C4D14D1038F18888377BCA248 BaseClass:/Game/Character/Dog/DogClass.DogClass_C NativeClass:/Script/Engine.Character Name:DogClass_C_UAID_2CF05D62A2A547FC01_1946453769 Label:DogClass2 SpatiallyLoaded:1 Bounds:IsValid=true, Min=(X=35557.716 Y=18534.646 Z=18.586), Max=(X=35739.908 Y=18608.494 Z=103.655) RuntimeGrid:None EditorOnly:0 RuntimeOnly:0 HLODRelevant:0
 |   |   |- Guid:4D298A104FCBFA855CAE4EA812A0C7D3 BaseClass: NativeClass:/Script/Foliage.InstancedFoliageActor Name:InstancedFoliageActor_25600_-1_-2_-1 Label:InstancedFoliageActor_-1_-2_-1 SpatiallyLoaded:1 Bounds:IsValid=true, Min=(X=-25600.000 Y=-51200.000 Z=-25600.000), Max=(X=0.000 Y=-25600.000 Z=0.000) RuntimeGrid:None EditorOnly:0 RuntimeOnly:0 HLODRelevant:1
 |   |   |- Guid:5368FABB47D6D9580DAECA8B0417BF92 BaseClass: NativeClass:/Script/Engine.WorldDataLayers Name:WorldDataLayers Label:WorldDataLayers-1 SpatiallyLoaded:0 Bounds:IsValid=true, Min=(X=0.000 Y=0.000 Z=0.000), Max=(X=0.000 Y=0.000 Z=0.000) RuntimeGrid:None EditorOnly:0 RuntimeOnly:0 HLODRelevant:0
 |   |   |- Guid:5C926EEF480B61FA0D3D8C97A39DCCE3 BaseClass: NativeClass:/Script/Engine.StaticMeshActor Name:StaticMeshActor_UAID_8C882B21566ED6FD01_1452001995 Label:impwall2 SpatiallyLoaded:1 Bounds:IsValid=true, Min=(X=-27585.987 Y=25686.095 Z=6432.257), Max=(X=-24408.382 Y=28125.700 Z=8766.075) RuntimeGrid:None EditorOnly:0 RuntimeOnly:0 HLODRelevant:1
 |   |   |- Guid:604A808645274924C35479B8EA5DAAC2 BaseClass: NativeClass:/Script/Engine.StaticMeshActor Name:StaticMeshActor_UAID_F44D30BAE90126FC01_1346236965 Label:imptower1 SpatiallyLoaded:1 Bounds:IsValid=true, Min=(X=6064.853 Y=17741.254 Z=-10.867), Max=(X=7134.867 Y=18811.267 Z=1391.496) RuntimeGrid:None EditorOnly:0 RuntimeOnly:0 HLODRelevant:1
 |   |   |- Guid:67FCFF12456192399AC133A4FC6D9CC1 BaseClass: NativeClass:/Script/Foliage.InstancedFoliageActor Name:InstancedFoliageActor_25600_1_0_-1 Label:InstancedFoliageActor_1_0_-1 SpatiallyLoaded:1 Bounds:IsValid=true, Min=(X=25600.000 Y=0.000 Z=-25600.000), Max=(X=51200.000 Y=25600.000 Z=0.000) RuntimeGrid:None EditorOnly:0 RuntimeOnly:0 HLODRelevant:1
 |   |   |- Guid:707D0D104A1A6DBFBBD050AD016E1BA7 BaseClass: NativeClass:/Script/Landscape.LandscapeStreamingProxy Name:LandscapeStreamingProxy_D7T4VF4LBP34PHV9XOEVM5TIG_1_4_4_0 Label:LandscapeStreamingProxy_4_4_0 SpatiallyLoaded:1 Bounds:IsValid=true, Min=(X=0.000 Y=0.000 Z=-3647.656), Max=(X=25200.000 Y=25200.000 Z=6479.688) RuntimeGrid:None EditorOnly:0 RuntimeOnly:0 HLODRelevant:1
 |   |   |- Guid:7CC4BF0D44214C9A49000EB3998D69A0 BaseClass: NativeClass:/Script/Foliage.InstancedFoliageActor Name:InstancedFoliageActor_25600_-1_-1_-1 Label:InstancedFoliageActor_-1_-1_-1 SpatiallyLoaded:1 Bounds:IsValid=true, Min=(X=-25600.000 Y=-25600.000 Z=-25600.000), Max=(X=0.000 Y=0.000 Z=0.000) RuntimeGrid:None EditorOnly:0 RuntimeOnly:0 HLODRelevant:1
 |   |   |- Guid:7DCB8EFE498FFD99EE494192AD474A2A BaseClass: NativeClass:/Script/Landscape.LandscapeStreamingProxy Name:LandscapeStreamingProxy_D7T4VF4LBP34PHV9XOEVM5TIG_1_2_4_0 Label:LandscapeStreamingProxy_2_4_0 SpatiallyLoaded:1 Bounds:IsValid=true, Min=(X=-50400.000 Y=0.000 Z=-2642.188), Max=(X=-25200.000 Y=25200.000 Z=7550.781) RuntimeGrid:None EditorOnly:0 RuntimeOnly:0 HLODRelevant:1
 |   |   |- Guid:80D06B8A4913F80CEC7C719B31D0D307 BaseClass: NativeClass:/Script/Engine.PlayerStart Name:PlayerStart_UAID_2CF05D62A2A547FC01_1902635767 Label:PlayerStart2 SpatiallyLoaded:0 Bounds:IsValid=true, Min=(X=39063.993 Y=18132.769 Z=62.444), Max=(X=39143.993 Y=18212.769 Z=246.444) RuntimeGrid:None EditorOnly:0 RuntimeOnly:0 HLODRelevant:0
 |   |   |- Guid:82111EBA4245874D247823848B4F1385 BaseClass: NativeClass:/Script/Landscape.LandscapeStreamingProxy Name:LandscapeStreamingProxy_D7T4VF4LBP34PHV9XOEVM5TIG_1_4_3_0 Label:LandscapeStreamingProxy_4_3_0 SpatiallyLoaded:1 Bounds:IsValid=true, Min=(X=0.000 Y=-25200.000 Z=-3342.188), Max=(X=25200.000 Y=0.000 Z=2764.844) RuntimeGrid:None EditorOnly:0 RuntimeOnly:0 HLODRelevant:1
 |   |   |- Guid:904A1C4B47C282780D7A2C959100E487 BaseClass: NativeClass:/Script/Foliage.InstancedFoliageActor Name:InstancedFoliageActor_25600_-1_0_0 Label:InstancedFoliageActor_-1_0_0 SpatiallyLoaded:1 Bounds:IsValid=true, Min=(X=-25600.000 Y=0.000 Z=0.000), Max=(X=0.000 Y=25600.000 Z=25600.000) RuntimeGrid:None EditorOnly:0 RuntimeOnly:0 HLODRelevant:1
 |   |   |- Guid:993C7BEB43183829C96CCCB62A0E18E4 BaseClass: NativeClass:/Script/Foliage.InstancedFoliageActor Name:InstancedFoliageActor_25600_-2_0_-1 Label:InstancedFoliageActor_-2_0_-1 SpatiallyLoaded:1 Bounds:IsValid=true, Min=(X=-51200.000 Y=0.000 Z=-25600.000), Max=(X=-25600.000 Y=25600.000 Z=0.000) RuntimeGrid:None EditorOnly:0 RuntimeOnly:0 HLODRelevant:1
 |   |   |- Guid:99EE1F72477344D575A5F7B0100ED16C BaseClass: NativeClass:/Script/Engine.StaticMeshActor Name:StaticMeshActor_UAID_F44D30BAE7B61AFC01_1940899848 Label:tundragrass SpatiallyLoaded:1 Bounds:IsValid=true, Min=(X=35259.523 Y=11213.252 Z=-11.365), Max=(X=35369.338 Y=11315.504 Z=60.937) RuntimeGrid:None EditorOnly:0 RuntimeOnly:0 HLODRelevant:1
 |   |   |- Guid:9AA48BD04CB873661E75B0973B2BF04A BaseClass: NativeClass:/Script/Landscape.LandscapeStreamingProxy Name:LandscapeStreamingProxy_D7T4VF4LBP34PHV9XOEVM5TIG_1_3_5_0 Label:LandscapeStreamingProxy_3_5_0 SpatiallyLoaded:1 Bounds:IsValid=true, Min=(X=-25200.000 Y=25200.000 Z=2841.406), Max=(X=0.000 Y=50400.000 Z=6907.031) RuntimeGrid:None EditorOnly:0 RuntimeOnly:0 HLODRelevant:1
 |   |   |- Guid:9CBBDFD8486812AAE8770CB093DB7460 BaseClass: NativeClass:/Script/Landscape.LandscapeStreamingProxy Name:LandscapeStreamingProxy_D7T4VF4LBP34PHV9XOEVM5TIG_1_3_4_0 Label:LandscapeStreamingProxy_3_4_0 SpatiallyLoaded:1 Bounds:IsValid=true, Min=(X=-25200.000 Y=0.000 Z=-4389.062), Max=(X=0.000 Y=25200.000 Z=7053.125) RuntimeGrid:None EditorOnly:0 RuntimeOnly:0 HLODRelevant:1
 |   |   |- Guid:9F1FD8B14EFA2FFE8955F0893F732321 BaseClass: NativeClass:/Script/Landscape.LandscapeStreamingProxy Name:LandscapeStreamingProxy_D7T4VF4LBP34PHV9XOEVM5TIG_1_4_2_0 Label:LandscapeStreamingProxy_4_2_0 SpatiallyLoaded:1 Bounds:IsValid=true, Min=(X=0.000 Y=-50400.000 Z=-4.688), Max=(X=25200.000 Y=-25200.000 Z=1064.062) RuntimeGrid:None EditorOnly:0 RuntimeOnly:0 HLODRelevant:1
 |   |   |- Guid:A4EE7965416278D9009ECEB08D85BC73 BaseClass: NativeClass:/Script/Foliage.InstancedFoliageActor Name:InstancedFoliageActor_25600_1_1_0 Label:InstancedFoliageActor_1_1_0 SpatiallyLoaded:1 Bounds:IsValid=true, Min=(X=25600.000 Y=25600.000 Z=0.000), Max=(X=51200.000 Y=51200.000 Z=25600.000) RuntimeGrid:None EditorOnly:0 RuntimeOnly:0 HLODRelevant:1
 |   |   |- Guid:A7EAF2934B038B764CE92992EB8BF2AB BaseClass: NativeClass:/Script/Foliage.InstancedFoliageActor Name:InstancedFoliageActor_25600_0_0_-1 Label:InstancedFoliageActor_0_0_-1 SpatiallyLoaded:1 Bounds:IsValid=true, Min=(X=0.000 Y=0.000 Z=-25600.000), Max=(X=25600.000 Y=25600.000 Z=0.000) RuntimeGrid:None EditorOnly:0 RuntimeOnly:0 HLODRelevant:1
 |   |   |- Guid:A882235E449D71AC064105B4EA3F9518 BaseClass: NativeClass:/Script/Landscape.LandscapeStreamingProxy Name:LandscapeStreamingProxy_D7T4VF4LBP34PHV9XOEVM5TIG_1_2_5_0 Label:LandscapeStreamingProxy_2_5_0 SpatiallyLoaded:1 Bounds:IsValid=true, Min=(X=-50400.000 Y=25200.000 Z=1136.719), Max=(X=-25200.000 Y=50400.000 Z=6870.312) RuntimeGrid:None EditorOnly:0 RuntimeOnly:0 HLODRelevant:1
 |   |   |- Guid:A9AA34984F515A2DEE1C1194FEB2FDE7 BaseClass:/Game/Character/Dog/DogClass.DogClass_C NativeClass:/Script/Engine.Character Name:DogClass_C_UAID_2CF05D62A2A547FC01_1943979768 Label:DogClass SpatiallyLoaded:1 Bounds:IsValid=true, Min=(X=35706.684 Y=18111.637 Z=9.236), Max=(X=35888.877 Y=18185.486 Z=94.305) RuntimeGrid:None EditorOnly:0 RuntimeOnly:0 HLODRelevant:0
 |   |   |- Guid:AAAC6B5742760A58C2206DB37E44683C BaseClass: NativeClass:/Script/Engine.DirectionalLight Name:DirectionalLight_UAID_A85E45CFE40401D200_1470382761 Label:DirectionalLight SpatiallyLoaded:0 Bounds:IsValid=true, Min=(X=-4398046511104.000 Y=-4398046511104.000 Z=-4398046511104.000), Max=(X=4398046511104.000 Y=4398046511104.000 Z=4398046511104.000) RuntimeGrid:None EditorOnly:0 RuntimeOnly:0 HLODRelevant:0 FolderPath:Lighting FolderGuid:B7E9BD5B45A652654791988DEF54CCEB
 |   |   |- Guid:AC0EB4504BD088DD5D9D83B3AF7CA817 BaseClass: NativeClass:/Script/Foliage.InstancedFoliageActor Name:InstancedFoliageActor_25600_-1_0_-1 Label:InstancedFoliageActor_-1_0_-1 SpatiallyLoaded:1 Bounds:IsValid=true, Min=(X=-25600.000 Y=0.000 Z=-25600.000), Max=(X=0.000 Y=25600.000 Z=0.000) RuntimeGrid:None EditorOnly:0 RuntimeOnly:0 HLODRelevant:1
 |   |   |- Guid:AE565297405B1809622B45ADC2750875 BaseClass: NativeClass:/Script/Landscape.LandscapeStreamingProxy Name:LandscapeStreamingProxy_D7T4VF4LBP34PHV9XOEVM5TIG_1_5_4_0 Label:LandscapeStreamingProxy_5_4_0 SpatiallyLoaded:1 Bounds:IsValid=true, Min=(X=25200.000 Y=0.000 Z=-3971.875), Max=(X=50400.000 Y=25200.000 Z=2303.125) RuntimeGrid:None EditorOnly:0 RuntimeOnly:0 HLODRelevant:1
 |   |   |- Guid:B1C472D142E8F874F737BCB237CFBA58 BaseClass: NativeClass:/Script/Foliage.InstancedFoliageActor Name:InstancedFoliageActor_25600_0_1_-1 Label:InstancedFoliageActor_0_1_-1 SpatiallyLoaded:1 Bounds:IsValid=true, Min=(X=0.000 Y=25600.000 Z=-25600.000), Max=(X=25600.000 Y=51200.000 Z=0.000) RuntimeGrid:None EditorOnly:0 RuntimeOnly:0 HLODRelevant:0
 |   |   |- Guid:B7D529D34C0858F706EA75BA3C7161B9 BaseClass: NativeClass:/Script/Foliage.InstancedFoliageActor Name:InstancedFoliageActor_25600_0_0_0 Label:InstancedFoliageActor_0_0_0 SpatiallyLoaded:1 Bounds:IsValid=true, Min=(X=0.000 Y=0.000 Z=0.000), Max=(X=25600.000 Y=25600.000 Z=25600.000) RuntimeGrid:None EditorOnly:0 RuntimeOnly:0 HLODRelevant:1
 |   |   |- Guid:BD807F5F481FBE9823A87FA248BEE3D5 BaseClass: NativeClass:/Script/Foliage.InstancedFoliageActor Name:InstancedFoliageActor_25600_-1_-2_0 Label:InstancedFoliageActor_-1_-2_0 SpatiallyLoaded:1 Bounds:IsValid=true, Min=(X=-25600.000 Y=-51200.000 Z=0.000), Max=(X=0.000 Y=-25600.000 Z=25600.000) RuntimeGrid:None EditorOnly:0 RuntimeOnly:0 HLODRelevant:1
 |   |   |- Guid:C05781A44D7C770E1C0960A3CA1C133F BaseClass: NativeClass:/Script/Landscape.LandscapeStreamingProxy Name:LandscapeStreamingProxy_D7T4VF4LBP34PHV9XOEVM5TIG_1_4_5_0 Label:LandscapeStreamingProxy_4_5_0 SpatiallyLoaded:1 Bounds:IsValid=true, Min=(X=0.000 Y=25200.000 Z=82.812), Max=(X=25200.000 Y=50400.000 Z=6520.312) RuntimeGrid:None EditorOnly:0 RuntimeOnly:0 HLODRelevant:1
 |   |   |- Guid:CCCA4B0C4D4C702BD7C326BEA8DA6949 BaseClass: NativeClass:/Script/Foliage.InstancedFoliageActor Name:InstancedFoliageActor_25600_-2_-2_0 Label:InstancedFoliageActor_-2_-2_0 SpatiallyLoaded:1 Bounds:IsValid=true, Min=(X=-51200.000 Y=-51200.000 Z=0.000), Max=(X=-25600.000 Y=-25600.000 Z=25600.000) RuntimeGrid:None EditorOnly:0 RuntimeOnly:0 HLODRelevant:1
 |   |   |- Guid:CDC0558B41911E04434F98B39EFB9012 BaseClass: NativeClass:/Script/Foliage.InstancedFoliageActor Name:InstancedFoliageActor_25600_-2_0_0 Label:InstancedFoliageActor_-2_0_0 SpatiallyLoaded:1 Bounds:IsValid=true, Min=(X=-51200.000 Y=0.000 Z=0.000), Max=(X=-25600.000 Y=25600.000 Z=25600.000) RuntimeGrid:None EditorOnly:0 RuntimeOnly:0 HLODRelevant:1
 |   |   |- Guid:D3FB7383421AAEFD3DB6F8B1E415A9FE BaseClass: NativeClass:/Script/Engine.ExponentialHeightFog Name:ExponentialHeightFog_UAID_A85E45CFE40401D200_1470382763 Label:ExponentialHeightFog SpatiallyLoaded:0 Bounds:IsValid=true, Min=(X=-5600.000 Y=-50.000 Z=-6850.000), Max=(X=-5600.000 Y=-50.000 Z=-6850.000) RuntimeGrid:None EditorOnly:0 RuntimeOnly:0 HLODRelevant:0 FolderPath:Lighting FolderGuid:B7E9BD5B45A652654791988DEF54CCEB
 |   |   |- Guid:E6C4C89747E65FCDCCFD648F081F47C2 BaseClass: NativeClass:/Script/Landscape.LandscapeStreamingProxy Name:LandscapeStreamingProxy_D7T4VF4LBP34PHV9XOEVM5TIG_1_3_3_0 Label:LandscapeStreamingProxy_3_3_0 SpatiallyLoaded:1 Bounds:IsValid=true, Min=(X=-25200.000 Y=-25200.000 Z=-986.719), Max=(X=0.000 Y=0.000 Z=10901.562) RuntimeGrid:None EditorOnly:0 RuntimeOnly:0 HLODRelevant:1
 |   |   |- Guid:E79EA0D9420980FAFF12259A720CAB0C BaseClass: NativeClass:/Script/Foliage.InstancedFoliageActor Name:InstancedFoliageActor_25600_1_-2_0 Label:InstancedFoliageActor_1_-2_0 SpatiallyLoaded:1 Bounds:IsValid=true, Min=(X=25600.000 Y=-51200.000 Z=0.000), Max=(X=51200.000 Y=-25600.000 Z=25600.000) RuntimeGrid:None EditorOnly:0 RuntimeOnly:0 HLODRelevant:1
 |   |   |- Guid:EAC356154A8C3D20E39DD5A791364A97 BaseClass: NativeClass:/Script/Foliage.InstancedFoliageActor Name:InstancedFoliageActor_25600_-2_-1_0 Label:InstancedFoliageActor_-2_-1_0 SpatiallyLoaded:1 Bounds:IsValid=true, Min=(X=-51200.000 Y=-25600.000 Z=0.000), Max=(X=-25600.000 Y=0.000 Z=25600.000) RuntimeGrid:None EditorOnly:0 RuntimeOnly:0 HLODRelevant:1
 |   |   |- Guid:F5B047B7464FF5EC6E868B852C5EF2A4 BaseClass: NativeClass:/Script/Foliage.InstancedFoliageActor Name:InstancedFoliageActor_25600_0_-1_-1 Label:InstancedFoliageActor_0_-1_-1 SpatiallyLoaded:1 Bounds:IsValid=true, Min=(X=0.000 Y=-25600.000 Z=-25600.000), Max=(X=25600.000 Y=0.000 Z=0.000) RuntimeGrid:None EditorOnly:0 RuntimeOnly:0 HLODRelevant:1
 |   |   |- Guid:F7C088D84B031377EE6F81B6B4F966B9 BaseClass: NativeClass:/Script/Foliage.InstancedFoliageActor Name:InstancedFoliageActor_25600_-2_1_0 Label:InstancedFoliageActor_-2_1_0 SpatiallyLoaded:1 Bounds:IsValid=true, Min=(X=-51200.000 Y=25600.000 Z=0.000), Max=(X=-25600.000 Y=51200.000 Z=25600.000) RuntimeGrid:None EditorOnly:0 RuntimeOnly:0 HLODRelevant:1
 |   |   |- Guid:F947F18B49858105B55E08A21E067F09 BaseClass: NativeClass:/Script/Landscape.LandscapeStreamingProxy Name:LandscapeStreamingProxy_D7T4VF4LBP34PHV9XOEVM5TIG_1_5_5_0 Label:LandscapeStreamingProxy_5_5_0 SpatiallyLoaded:1 Bounds:IsValid=true, Min=(X=25200.000 Y=25200.000 Z=14.844), Max=(X=50400.000 Y=50400.000 Z=5888.281) RuntimeGrid:None EditorOnly:0 RuntimeOnly:0 HLODRelevant:1
 |   |   |- Guid:FA728F8F4556ECBCB86D81B258005934 BaseClass: NativeClass:/Script/Engine.StaticMeshActor Name:StaticMeshActor_UAID_8C882B21566ED6FD01_1612353999 Label:impwall4 SpatiallyLoaded:1 Bounds:IsValid=true, Min=(X=-24920.862 Y=25324.476 Z=6401.877), Max=(X=-22433.577 Y=27271.269 Z=8797.577) RuntimeGrid:None EditorOnly:0 RuntimeOnly:0 HLODRelevant:1
 |   |- [+] Clusters:
 |   |   |- [+] [  0]
 |   |   |   |- Guid:379D238C4C039DD40DC053945725C1CA BaseClass: NativeClass:/Script/Foliage.InstancedFoliageActor Name:InstancedFoliageActor_25600_0_1_0 Label:InstancedFoliageActor_0_1_0 SpatiallyLoaded:1 Bounds:IsValid=true, Min=(X=0.000 Y=25600.000 Z=0.000), Max=(X=25600.000 Y=51200.000 Z=25600.000) RuntimeGrid:None EditorOnly:0 RuntimeOnly:0 HLODRelevant:1
 |   |   |- [+] [  1]
 |   |   |   |- Guid:31A5522843888425734F278F802A023B BaseClass: NativeClass:/Script/Landscape.LandscapeStreamingProxy Name:LandscapeStreamingProxy_D7T4VF4LBP34PHV9XOEVM5TIG_1_3_2_0 Label:LandscapeStreamingProxy_3_2_0 SpatiallyLoaded:1 Bounds:IsValid=true, Min=(X=-25200.000 Y=-50400.000 Z=-285.938), Max=(X=0.000 Y=-25200.000 Z=5403.125) RuntimeGrid:None EditorOnly:0 RuntimeOnly:0 HLODRelevant:1
 |   |   |- [+] [  2]
 |   |   |   |- Guid:1E4725F843A58B96AEAEDDA042B1FFBC BaseClass: NativeClass:/Script/NavigationSystem.NavMeshBoundsVolume Name:NavMeshBoundsVolume_UAID_2CF05D62A2A548FC01_1082546947 Label:NavMeshBoundsVolume SpatiallyLoaded:0 Bounds:IsValid=true, Min=(X=23283.852 Y=7130.812 Z=-2218.018), Max=(X=51883.852 Y=28530.812 Z=2581.982) RuntimeGrid:None EditorOnly:0 RuntimeOnly:0 HLODRelevant:0
 |   |   |- [+] [  3]
 |   |   |   |- Guid:C05781A44D7C770E1C0960A3CA1C133F BaseClass: NativeClass:/Script/Landscape.LandscapeStreamingProxy Name:LandscapeStreamingProxy_D7T4VF4LBP34PHV9XOEVM5TIG_1_4_5_0 Label:LandscapeStreamingProxy_4_5_0 SpatiallyLoaded:1 Bounds:IsValid=true, Min=(X=0.000 Y=25200.000 Z=82.812), Max=(X=25200.000 Y=50400.000 Z=6520.312) RuntimeGrid:None EditorOnly:0 RuntimeOnly:0 HLODRelevant:1
 |   |   |- [+] [  4]
 |   |   |   |- Guid:AE565297405B1809622B45ADC2750875 BaseClass: NativeClass:/Script/Landscape.LandscapeStreamingProxy Name:LandscapeStreamingProxy_D7T4VF4LBP34PHV9XOEVM5TIG_1_5_4_0 Label:LandscapeStreamingProxy_5_4_0 SpatiallyLoaded:1 Bounds:IsValid=true, Min=(X=25200.000 Y=0.000 Z=-3971.875), Max=(X=50400.000 Y=25200.000 Z=2303.125) RuntimeGrid:None EditorOnly:0 RuntimeOnly:0 HLODRelevant:1
 |   |   |- [+] [  5]
 |   |   |   |- Guid:2CE12F874AA39D020A0F4BA5739BD305 BaseClass: NativeClass:/Script/Engine.SkyAtmosphere Name:SkyAtmosphere_UAID_A85E45CFE40401D200_1470382762 Label:SkyAtmosphere SpatiallyLoaded:0 Bounds:IsValid=true, Min=(X=0.000 Y=0.000 Z=0.000), Max=(X=0.000 Y=0.000 Z=0.000) RuntimeGrid:None EditorOnly:0 RuntimeOnly:0 HLODRelevant:0 FolderPath:Lighting FolderGuid:B7E9BD5B45A652654791988DEF54CCEB
 |   |   |- [+] [  6]
 |   |   |   |- Guid:AAAC6B5742760A58C2206DB37E44683C BaseClass: NativeClass:/Script/Engine.DirectionalLight Name:DirectionalLight_UAID_A85E45CFE40401D200_1470382761 Label:DirectionalLight SpatiallyLoaded:0 Bounds:IsValid=true, Min=(X=-4398046511104.000 Y=-4398046511104.000 Z=-4398046511104.000), Max=(X=4398046511104.000 Y=4398046511104.000 Z=4398046511104.000) RuntimeGrid:None EditorOnly:0 RuntimeOnly:0 HLODRelevant:0 FolderPath:Lighting FolderGuid:B7E9BD5B45A652654791988DEF54CCEB
 |   |   |- [+] [  7]
 |   |   |   |- Guid:14CAF660463B77CA2636CF95175E965A BaseClass: NativeClass:/Script/NavigationSystem.RecastNavMesh Name:RecastNavMesh_UAID_2CF05D62A2A548FC01-Default Label:RecastNavMesh-Default SpatiallyLoaded:0 Bounds:IsValid=true, Min=(X=0.000 Y=0.000 Z=0.000), Max=(X=0.000 Y=0.000 Z=0.000) RuntimeGrid:None EditorOnly:0 RuntimeOnly:0 HLODRelevant:0
 |   |   |- [+] [  8]
 |   |   |   |- Guid:218E3B124735712D7EF272B4FB8E7FF6 BaseClass: NativeClass:/Script/Landscape.Landscape Name:Landscape_UAID_A85E45CFE404FBD100_1221515703 Label:Landscape SpatiallyLoaded:0 Bounds:IsValid=true, Min=(X=-100800.000 Y=-100800.000 Z=100.000), Max=(X=-100800.000 Y=-100800.000 Z=100.000) RuntimeGrid:None EditorOnly:0 RuntimeOnly:0 HLODRelevant:0
 |   |   |- [+] [  9]
 |   |   |   |- Guid:9F1FD8B14EFA2FFE8955F0893F732321 BaseClass: NativeClass:/Script/Landscape.LandscapeStreamingProxy Name:LandscapeStreamingProxy_D7T4VF4LBP34PHV9XOEVM5TIG_1_4_2_0 Label:LandscapeStreamingProxy_4_2_0 SpatiallyLoaded:1 Bounds:IsValid=true, Min=(X=0.000 Y=-50400.000 Z=-4.688), Max=(X=25200.000 Y=-25200.000 Z=1064.062) RuntimeGrid:None EditorOnly:0 RuntimeOnly:0 HLODRelevant:1
 |   |   |- [+] [ 10]
 |   |   |   |- Guid:B1C472D142E8F874F737BCB237CFBA58 BaseClass: NativeClass:/Script/Foliage.InstancedFoliageActor Name:InstancedFoliageActor_25600_0_1_-1 Label:InstancedFoliageActor_0_1_-1 SpatiallyLoaded:1 Bounds:IsValid=true, Min=(X=0.000 Y=25600.000 Z=-25600.000), Max=(X=25600.000 Y=51200.000 Z=0.000) RuntimeGrid:None EditorOnly:0 RuntimeOnly:0 HLODRelevant:0
 |   |   |- [+] [ 11]
 |   |   |   |- Guid:707D0D104A1A6DBFBBD050AD016E1BA7 BaseClass: NativeClass:/Script/Landscape.LandscapeStreamingProxy Name:LandscapeStreamingProxy_D7T4VF4LBP34PHV9XOEVM5TIG_1_4_4_0 Label:LandscapeStreamingProxy_4_4_0 SpatiallyLoaded:1 Bounds:IsValid=true, Min=(X=0.000 Y=0.000 Z=-3647.656), Max=(X=25200.000 Y=25200.000 Z=6479.688) RuntimeGrid:None EditorOnly:0 RuntimeOnly:0 HLODRelevant:1
 |   |   |- [+] [ 12]
 |   |   |   |- Guid:1E7A6AD4437B2258C36CB490664720EA BaseClass: NativeClass:/Script/Landscape.LandscapeStreamingProxy Name:LandscapeStreamingProxy_D7T4VF4LBP34PHV9XOEVM5TIG_1_5_3_0 Label:LandscapeStreamingProxy_5_3_0 SpatiallyLoaded:1 Bounds:IsValid=true, Min=(X=25200.000 Y=-25200.000 Z=-3218.750), Max=(X=50400.000 Y=0.000 Z=3310.156) RuntimeGrid:None EditorOnly:0 RuntimeOnly:0 HLODRelevant:1
 |   |   |- [+] [ 13]
 |   |   |   |- Guid:5C926EEF480B61FA0D3D8C97A39DCCE3 BaseClass: NativeClass:/Script/Engine.StaticMeshActor Name:StaticMeshActor_UAID_8C882B21566ED6FD01_1452001995 Label:impwall2 SpatiallyLoaded:1 Bounds:IsValid=true, Min=(X=-27585.987 Y=25686.095 Z=6432.257), Max=(X=-24408.382 Y=28125.700 Z=8766.075) RuntimeGrid:None EditorOnly:0 RuntimeOnly:0 HLODRelevant:1
 |   |   |- [+] [ 14]
 |   |   |   |- Guid:0021E66247E17B22973F4E8583F638CB BaseClass:/Game/Character/Dog/DogClass.DogClass_C NativeClass:/Script/Engine.Character Name:DogClass_C_UAID_2CF05D62A2A547FC01_1949150770 Label:DogClass3 SpatiallyLoaded:1 Bounds:IsValid=true, Min=(X=34405.347 Y=17455.710 Z=-29.569), Max=(X=34587.539 Y=17529.559 Z=55.500) RuntimeGrid:None EditorOnly:0 RuntimeOnly:0 HLODRelevant:0
 |   |   |- [+] [ 15]
 |   |   |   |- Guid:82111EBA4245874D247823848B4F1385 BaseClass: NativeClass:/Script/Landscape.LandscapeStreamingProxy Name:LandscapeStreamingProxy_D7T4VF4LBP34PHV9XOEVM5TIG_1_4_3_0 Label:LandscapeStreamingProxy_4_3_0 SpatiallyLoaded:1 Bounds:IsValid=true, Min=(X=0.000 Y=-25200.000 Z=-3342.188), Max=(X=25200.000 Y=0.000 Z=2764.844) RuntimeGrid:None EditorOnly:0 RuntimeOnly:0 HLODRelevant:1
 |   |   |- [+] [ 16]
 |   |   |   |- Guid:1D3D26F04B6DC10BEFB5B69E5CF914C8 BaseClass: NativeClass:/Script/Engine.VolumetricCloud Name:VolumetricCloud_UAID_A85E45CFE40401D200_1470381760 Label:VolumetricCloud SpatiallyLoaded:0 Bounds:IsValid=true, Min=(X=0.000 Y=0.000 Z=0.000), Max=(X=0.000 Y=0.000 Z=0.000) RuntimeGrid:None EditorOnly:0 RuntimeOnly:0 HLODRelevant:0 FolderPath:Lighting FolderGuid:B7E9BD5B45A652654791988DEF54CCEB
 |   |   |- [+] [ 17]
 |   |   |   |- Guid:1C18DE7D494342D016B686A01B18F71D BaseClass: NativeClass:/Script/Landscape.LandscapeStreamingProxy Name:LandscapeStreamingProxy_D7T4VF4LBP34PHV9XOEVM5TIG_1_2_3_0 Label:LandscapeStreamingProxy_2_3_0 SpatiallyLoaded:1 Bounds:IsValid=true, Min=(X=-50400.000 Y=-25200.000 Z=742.188), Max=(X=-25200.000 Y=0.000 Z=14350.781) RuntimeGrid:None EditorOnly:0 RuntimeOnly:0 HLODRelevant:1
 |   |   |- [+] [ 18]
 |   |   |   |- Guid:80D06B8A4913F80CEC7C719B31D0D307 BaseClass: NativeClass:/Script/Engine.PlayerStart Name:PlayerStart_UAID_2CF05D62A2A547FC01_1902635767 Label:PlayerStart2 SpatiallyLoaded:0 Bounds:IsValid=true, Min=(X=39063.993 Y=18132.769 Z=62.444), Max=(X=39143.993 Y=18212.769 Z=246.444) RuntimeGrid:None EditorOnly:0 RuntimeOnly:0 HLODRelevant:0
 |   |   |- [+] [ 19]
 |   |   |   |- Guid:46A29806469824C0618DAD88DBCE1F7B BaseClass: NativeClass:/Script/Landscape.LandscapeStreamingProxy Name:LandscapeStreamingProxy_D7T4VF4LBP34PHV9XOEVM5TIG_1_2_2_0 Label:LandscapeStreamingProxy_2_2_0 SpatiallyLoaded:1 Bounds:IsValid=true, Min=(X=-50400.000 Y=-50400.000 Z=1351.562), Max=(X=-25200.000 Y=-25200.000 Z=12488.281) RuntimeGrid:None EditorOnly:0 RuntimeOnly:0 HLODRelevant:1
 |   |   |- [+] [ 20]
 |   |   |   |- Guid:03920DF94EEFC9F86CC66185D32A3DA1 BaseClass: NativeClass:/Script/Engine.StaticMeshActor Name:StaticMeshActor_UAID_A4AE111137DC54FB00_1240666663 Label:SM_SkySphere SpatiallyLoaded:0 Bounds:IsValid=true, Min=(X=-1638400.000 Y=-1638400.000 Z=-1638400.000), Max=(X=1638400.000 Y=1638400.000 Z=1638400.000) RuntimeGrid:None EditorOnly:0 RuntimeOnly:0 HLODRelevant:0 FolderPath:Lighting FolderGuid:B7E9BD5B45A652654791988DEF54CCEB
 |   |   |- [+] [ 21]
 |   |   |   |- Guid:4B37AF0E45507CDD303D3295F25CABE6 BaseClass:/Game/Character/Bear/BearClass.BearClass_C NativeClass:/Script/Engine.Character Name:BearClass_C_UAID_2CF05D62A2A57EFC01_1764330447 Label:BearClass SpatiallyLoaded:1 Bounds:IsValid=true, Min=(X=41647.544 Y=12364.065 Z=-22.721), Max=(X=42084.460 Y=12650.929 Z=328.209) RuntimeGrid:None EditorOnly:0 RuntimeOnly:0 HLODRelevant:0
 |   |   |- [+] [ 22]
 |   |   |   |- Guid:A4EE7965416278D9009ECEB08D85BC73 BaseClass: NativeClass:/Script/Foliage.InstancedFoliageActor Name:InstancedFoliageActor_25600_1_1_0 Label:InstancedFoliageActor_1_1_0 SpatiallyLoaded:1 Bounds:IsValid=true, Min=(X=25600.000 Y=25600.000 Z=0.000), Max=(X=51200.000 Y=51200.000 Z=25600.000) RuntimeGrid:None EditorOnly:0 RuntimeOnly:0 HLODRelevant:1
 |   |   |- [+] [ 23]
 |   |   |   |- Guid:146D3E3040BAFC1FB8BF4ABC272DA94F BaseClass: NativeClass:/Script/Landscape.LandscapeStreamingProxy Name:LandscapeStreamingProxy_D7T4VF4LBP34PHV9XOEVM5TIG_1_5_2_0 Label:LandscapeStreamingProxy_5_2_0 SpatiallyLoaded:1 Bounds:IsValid=true, Min=(X=25200.000 Y=-50400.000 Z=0.781), Max=(X=50400.000 Y=-25200.000 Z=6920.312) RuntimeGrid:None EditorOnly:0 RuntimeOnly:0 HLODRelevant:1
 |   |   |- [+] [ 24]
 |   |   |   |- Guid:99EE1F72477344D575A5F7B0100ED16C BaseClass: NativeClass:/Script/Engine.StaticMeshActor Name:StaticMeshActor_UAID_F44D30BAE7B61AFC01_1940899848 Label:tundragrass SpatiallyLoaded:1 Bounds:IsValid=true, Min=(X=35259.523 Y=11213.252 Z=-11.365), Max=(X=35369.338 Y=11315.504 Z=60.937) RuntimeGrid:None EditorOnly:0 RuntimeOnly:0 HLODRelevant:1
 |   |   |- [+] [ 25]
 |   |   |   |- Guid:FA728F8F4556ECBCB86D81B258005934 BaseClass: NativeClass:/Script/Engine.StaticMeshActor Name:StaticMeshActor_UAID_8C882B21566ED6FD01_1612353999 Label:impwall4 SpatiallyLoaded:1 Bounds:IsValid=true, Min=(X=-24920.862 Y=25324.476 Z=6401.877), Max=(X=-22433.577 Y=27271.269 Z=8797.577) RuntimeGrid:None EditorOnly:0 RuntimeOnly:0 HLODRelevant:1
 |   |   |- [+] [ 26]
 |   |   |   |- Guid:5368FABB47D6D9580DAECA8B0417BF92 BaseClass: NativeClass:/Script/Engine.WorldDataLayers Name:WorldDataLayers Label:WorldDataLayers-1 SpatiallyLoaded:0 Bounds:IsValid=true, Min=(X=0.000 Y=0.000 Z=0.000), Max=(X=0.000 Y=0.000 Z=0.000) RuntimeGrid:None EditorOnly:0 RuntimeOnly:0 HLODRelevant:0
 |   |   |- [+] [ 27]
 |   |   |   |- Guid:F947F18B49858105B55E08A21E067F09 BaseClass: NativeClass:/Script/Landscape.LandscapeStreamingProxy Name:LandscapeStreamingProxy_D7T4VF4LBP34PHV9XOEVM5TIG_1_5_5_0 Label:LandscapeStreamingProxy_5_5_0 SpatiallyLoaded:1 Bounds:IsValid=true, Min=(X=25200.000 Y=25200.000 Z=14.844), Max=(X=50400.000 Y=50400.000 Z=5888.281) RuntimeGrid:None EditorOnly:0 RuntimeOnly:0 HLODRelevant:1
 |   |   |- [+] [ 28]
 |   |   |   |- Guid:4C40ED9C4D14D1038F18888377BCA248 BaseClass:/Game/Character/Dog/DogClass.DogClass_C NativeClass:/Script/Engine.Character Name:DogClass_C_UAID_2CF05D62A2A547FC01_1946453769 Label:DogClass2 SpatiallyLoaded:1 Bounds:IsValid=true, Min=(X=35557.716 Y=18534.646 Z=18.586), Max=(X=35739.908 Y=18608.494 Z=103.655) RuntimeGrid:None EditorOnly:0 RuntimeOnly:0 HLODRelevant:0
 |   |   |- [+] [ 29]
 |   |   |   |- Guid:9CBBDFD8486812AAE8770CB093DB7460 BaseClass: NativeClass:/Script/Landscape.LandscapeStreamingProxy Name:LandscapeStreamingProxy_D7T4VF4LBP34PHV9XOEVM5TIG_1_3_4_0 Label:LandscapeStreamingProxy_3_4_0 SpatiallyLoaded:1 Bounds:IsValid=true, Min=(X=-25200.000 Y=0.000 Z=-4389.062), Max=(X=0.000 Y=25200.000 Z=7053.125) RuntimeGrid:None EditorOnly:0 RuntimeOnly:0 HLODRelevant:1
 |   |   |- [+] [ 30]
 |   |   |   |- Guid:7DCB8EFE498FFD99EE494192AD474A2A BaseClass: NativeClass:/Script/Landscape.LandscapeStreamingProxy Name:LandscapeStreamingProxy_D7T4VF4LBP34PHV9XOEVM5TIG_1_2_4_0 Label:LandscapeStreamingProxy_2_4_0 SpatiallyLoaded:1 Bounds:IsValid=true, Min=(X=-50400.000 Y=0.000 Z=-2642.188), Max=(X=-25200.000 Y=25200.000 Z=7550.781) RuntimeGrid:None EditorOnly:0 RuntimeOnly:0 HLODRelevant:1
 |   |   |- [+] [ 31]
 |   |   |   |- Guid:A882235E449D71AC064105B4EA3F9518 BaseClass: NativeClass:/Script/Landscape.LandscapeStreamingProxy Name:LandscapeStreamingProxy_D7T4VF4LBP34PHV9XOEVM5TIG_1_2_5_0 Label:LandscapeStreamingProxy_2_5_0 SpatiallyLoaded:1 Bounds:IsValid=true, Min=(X=-50400.000 Y=25200.000 Z=1136.719), Max=(X=-25200.000 Y=50400.000 Z=6870.312) RuntimeGrid:None EditorOnly:0 RuntimeOnly:0 HLODRelevant:1
 |   |   |- [+] [ 32]
 |   |   |   |- Guid:67FCFF12456192399AC133A4FC6D9CC1 BaseClass: NativeClass:/Script/Foliage.InstancedFoliageActor Name:InstancedFoliageActor_25600_1_0_-1 Label:InstancedFoliageActor_1_0_-1 SpatiallyLoaded:1 Bounds:IsValid=true, Min=(X=25600.000 Y=0.000 Z=-25600.000), Max=(X=51200.000 Y=25600.000 Z=0.000) RuntimeGrid:None EditorOnly:0 RuntimeOnly:0 HLODRelevant:1
 |   |   |- [+] [ 33]
 |   |   |   |- Guid:D3FB7383421AAEFD3DB6F8B1E415A9FE BaseClass: NativeClass:/Script/Engine.ExponentialHeightFog Name:ExponentialHeightFog_UAID_A85E45CFE40401D200_1470382763 Label:ExponentialHeightFog SpatiallyLoaded:0 Bounds:IsValid=true, Min=(X=-5600.000 Y=-50.000 Z=-6850.000), Max=(X=-5600.000 Y=-50.000 Z=-6850.000) RuntimeGrid:None EditorOnly:0 RuntimeOnly:0 HLODRelevant:0 FolderPath:Lighting FolderGuid:B7E9BD5B45A652654791988DEF54CCEB
 |   |   |- [+] [ 34]
 |   |   |   |- Guid:E6C4C89747E65FCDCCFD648F081F47C2 BaseClass: NativeClass:/Script/Landscape.LandscapeStreamingProxy Name:LandscapeStreamingProxy_D7T4VF4LBP34PHV9XOEVM5TIG_1_3_3_0 Label:LandscapeStreamingProxy_3_3_0 SpatiallyLoaded:1 Bounds:IsValid=true, Min=(X=-25200.000 Y=-25200.000 Z=-986.719), Max=(X=0.000 Y=0.000 Z=10901.562) RuntimeGrid:None EditorOnly:0 RuntimeOnly:0 HLODRelevant:1
 |   |   |- [+] [ 35]
 |   |   |   |- Guid:604A808645274924C35479B8EA5DAAC2 BaseClass: NativeClass:/Script/Engine.StaticMeshActor Name:StaticMeshActor_UAID_F44D30BAE90126FC01_1346236965 Label:imptower1 SpatiallyLoaded:1 Bounds:IsValid=true, Min=(X=6064.853 Y=17741.254 Z=-10.867), Max=(X=7134.867 Y=18811.267 Z=1391.496) RuntimeGrid:None EditorOnly:0 RuntimeOnly:0 HLODRelevant:1
 |   |   |- [+] [ 36]
 |   |   |   |- Guid:1DE8D7AC4103A2EABA11649C7FCF8ACA BaseClass: NativeClass:/Script/Engine.SkyLight Name:SkyLight_UAID_A85E45CFE40401D200_1470380759 Label:SkyLight SpatiallyLoaded:0 Bounds:IsValid=true, Min=(X=0.000 Y=0.000 Z=0.000), Max=(X=0.000 Y=0.000 Z=0.000) RuntimeGrid:None EditorOnly:0 RuntimeOnly:0 HLODRelevant:0 FolderPath:Lighting FolderGuid:B7E9BD5B45A652654791988DEF54CCEB
 |   |   |- [+] [ 37]
 |   |   |   |- Guid:13FE450241B5D9326CA9B38FB7F518B5 BaseClass: NativeClass:/Script/Foliage.InstancedFoliageActor Name:InstancedFoliageActor_25600_1_0_0 Label:InstancedFoliageActor_1_0_0 SpatiallyLoaded:1 Bounds:IsValid=true, Min=(X=25600.000 Y=0.000 Z=0.000), Max=(X=51200.000 Y=25600.000 Z=25600.000) RuntimeGrid:None EditorOnly:0 RuntimeOnly:0 HLODRelevant:1
 |   |   |- [+] [ 38]
 |   |   |   |- Guid:9AA48BD04CB873661E75B0973B2BF04A BaseClass: NativeClass:/Script/Landscape.LandscapeStreamingProxy Name:LandscapeStreamingProxy_D7T4VF4LBP34PHV9XOEVM5TIG_1_3_5_0 Label:LandscapeStreamingProxy_3_5_0 SpatiallyLoaded:1 Bounds:IsValid=true, Min=(X=-25200.000 Y=25200.000 Z=2841.406), Max=(X=0.000 Y=50400.000 Z=6907.031) RuntimeGrid:None EditorOnly:0 RuntimeOnly:0 HLODRelevant:1
 |   |   |- [+] [ 39]
 |   |   |   |- Guid:A9AA34984F515A2DEE1C1194FEB2FDE7 BaseClass:/Game/Character/Dog/DogClass.DogClass_C NativeClass:/Script/Engine.Character Name:DogClass_C_UAID_2CF05D62A2A547FC01_1943979768 Label:DogClass SpatiallyLoaded:1 Bounds:IsValid=true, Min=(X=35706.684 Y=18111.637 Z=9.236), Max=(X=35888.877 Y=18185.486 Z=94.305) RuntimeGrid:None EditorOnly:0 RuntimeOnly:0 HLODRelevant:0
 |   |   |- [+] [ 40]
 |   |   |   |- Guid:B7D529D34C0858F706EA75BA3C7161B9 BaseClass: NativeClass:/Script/Foliage.InstancedFoliageActor Name:InstancedFoliageActor_25600_0_0_0 Label:InstancedFoliageActor_0_0_0 SpatiallyLoaded:1 Bounds:IsValid=true, Min=(X=0.000 Y=0.000 Z=0.000), Max=(X=25600.000 Y=25600.000 Z=25600.000) RuntimeGrid:None EditorOnly:0 RuntimeOnly:0 HLODRelevant:1
 |   |   |- [+] [ 41]
 |   |   |   |- Guid:A7EAF2934B038B764CE92992EB8BF2AB BaseClass: NativeClass:/Script/Foliage.InstancedFoliageActor Name:InstancedFoliageActor_25600_0_0_-1 Label:InstancedFoliageActor_0_0_-1 SpatiallyLoaded:1 Bounds:IsValid=true, Min=(X=0.000 Y=0.000 Z=-25600.000), Max=(X=25600.000 Y=25600.000 Z=0.000) RuntimeGrid:None EditorOnly:0 RuntimeOnly:0 HLODRelevant:1
 |   |   |- [+] [ 42]
 |   |   |   |- Guid:15DDE30B415D326543845386162FEAC1 BaseClass: NativeClass:/Script/Foliage.InstancedFoliageActor Name:InstancedFoliageActor_25600_-1_1_0 Label:InstancedFoliageActor_-1_1_0 SpatiallyLoaded:1 Bounds:IsValid=true, Min=(X=-25600.000 Y=25600.000 Z=0.000), Max=(X=0.000 Y=51200.000 Z=25600.000) RuntimeGrid:None EditorOnly:0 RuntimeOnly:0 HLODRelevant:1
 |   |   |- [+] [ 43]
 |   |   |   |- Guid:E79EA0D9420980FAFF12259A720CAB0C BaseClass: NativeClass:/Script/Foliage.InstancedFoliageActor Name:InstancedFoliageActor_25600_1_-2_0 Label:InstancedFoliageActor_1_-2_0 SpatiallyLoaded:1 Bounds:IsValid=true, Min=(X=25600.000 Y=-51200.000 Z=0.000), Max=(X=51200.000 Y=-25600.000 Z=25600.000) RuntimeGrid:None EditorOnly:0 RuntimeOnly:0 HLODRelevant:1
 |   |   |- [+] [ 44]
 |   |   |   |- Guid:904A1C4B47C282780D7A2C959100E487 BaseClass: NativeClass:/Script/Foliage.InstancedFoliageActor Name:InstancedFoliageActor_25600_-1_0_0 Label:InstancedFoliageActor_-1_0_0 SpatiallyLoaded:1 Bounds:IsValid=true, Min=(X=-25600.000 Y=0.000 Z=0.000), Max=(X=0.000 Y=25600.000 Z=25600.000) RuntimeGrid:None EditorOnly:0 RuntimeOnly:0 HLODRelevant:1
 |   |   |- [+] [ 45]
 |   |   |   |- Guid:AC0EB4504BD088DD5D9D83B3AF7CA817 BaseClass: NativeClass:/Script/Foliage.InstancedFoliageActor Name:InstancedFoliageActor_25600_-1_0_-1 Label:InstancedFoliageActor_-1_0_-1 SpatiallyLoaded:1 Bounds:IsValid=true, Min=(X=-25600.000 Y=0.000 Z=-25600.000), Max=(X=0.000 Y=25600.000 Z=0.000) RuntimeGrid:None EditorOnly:0 RuntimeOnly:0 HLODRelevant:1
 |   |   |- [+] [ 46]
 |   |   |   |- Guid:CDC0558B41911E04434F98B39EFB9012 BaseClass: NativeClass:/Script/Foliage.InstancedFoliageActor Name:InstancedFoliageActor_25600_-2_0_0 Label:InstancedFoliageActor_-2_0_0 SpatiallyLoaded:1 Bounds:IsValid=true, Min=(X=-51200.000 Y=0.000 Z=0.000), Max=(X=-25600.000 Y=25600.000 Z=25600.000) RuntimeGrid:None EditorOnly:0 RuntimeOnly:0 HLODRelevant:1
 |   |   |- [+] [ 47]
 |   |   |   |- Guid:993C7BEB43183829C96CCCB62A0E18E4 BaseClass: NativeClass:/Script/Foliage.InstancedFoliageActor Name:InstancedFoliageActor_25600_-2_0_-1 Label:InstancedFoliageActor_-2_0_-1 SpatiallyLoaded:1 Bounds:IsValid=true, Min=(X=-51200.000 Y=0.000 Z=-25600.000), Max=(X=-25600.000 Y=25600.000 Z=0.000) RuntimeGrid:None EditorOnly:0 RuntimeOnly:0 HLODRelevant:1
 |   |   |- [+] [ 48]
 |   |   |   |- Guid:F7C088D84B031377EE6F81B6B4F966B9 BaseClass: NativeClass:/Script/Foliage.InstancedFoliageActor Name:InstancedFoliageActor_25600_-2_1_0 Label:InstancedFoliageActor_-2_1_0 SpatiallyLoaded:1 Bounds:IsValid=true, Min=(X=-51200.000 Y=25600.000 Z=0.000), Max=(X=-25600.000 Y=51200.000 Z=25600.000) RuntimeGrid:None EditorOnly:0 RuntimeOnly:0 HLODRelevant:1
 |   |   |- [+] [ 49]
 |   |   |   |- Guid:3CB82C3048E917BE63A384AA667EC153 BaseClass: NativeClass:/Script/Foliage.InstancedFoliageActor Name:InstancedFoliageActor_25600_-1_-1_0 Label:InstancedFoliageActor_-1_-1_0 SpatiallyLoaded:1 Bounds:IsValid=true, Min=(X=-25600.000 Y=-25600.000 Z=0.000), Max=(X=0.000 Y=0.000 Z=25600.000) RuntimeGrid:None EditorOnly:0 RuntimeOnly:0 HLODRelevant:1
 |   |   |- [+] [ 50]
 |   |   |   |- Guid:7CC4BF0D44214C9A49000EB3998D69A0 BaseClass: NativeClass:/Script/Foliage.InstancedFoliageActor Name:InstancedFoliageActor_25600_-1_-1_-1 Label:InstancedFoliageActor_-1_-1_-1 SpatiallyLoaded:1 Bounds:IsValid=true, Min=(X=-25600.000 Y=-25600.000 Z=-25600.000), Max=(X=0.000 Y=0.000 Z=0.000) RuntimeGrid:None EditorOnly:0 RuntimeOnly:0 HLODRelevant:1
 |   |   |- [+] [ 51]
 |   |   |   |- Guid:40C1341C44661A36F0C1E89FD85D2C88 BaseClass: NativeClass:/Script/Foliage.InstancedFoliageActor Name:InstancedFoliageActor_25600_0_-1_0 Label:InstancedFoliageActor_0_-1_0 SpatiallyLoaded:1 Bounds:IsValid=true, Min=(X=0.000 Y=-25600.000 Z=0.000), Max=(X=25600.000 Y=0.000 Z=25600.000) RuntimeGrid:None EditorOnly:0 RuntimeOnly:0 HLODRelevant:1
 |   |   |- [+] [ 52]
 |   |   |   |- Guid:EAC356154A8C3D20E39DD5A791364A97 BaseClass: NativeClass:/Script/Foliage.InstancedFoliageActor Name:InstancedFoliageActor_25600_-2_-1_0 Label:InstancedFoliageActor_-2_-1_0 SpatiallyLoaded:1 Bounds:IsValid=true, Min=(X=-51200.000 Y=-25600.000 Z=0.000), Max=(X=-25600.000 Y=0.000 Z=25600.000) RuntimeGrid:None EditorOnly:0 RuntimeOnly:0 HLODRelevant:1
 |   |   |- [+] [ 53]
 |   |   |   |- Guid:4D298A104FCBFA855CAE4EA812A0C7D3 BaseClass: NativeClass:/Script/Foliage.InstancedFoliageActor Name:InstancedFoliageActor_25600_-1_-2_-1 Label:InstancedFoliageActor_-1_-2_-1 SpatiallyLoaded:1 Bounds:IsValid=true, Min=(X=-25600.000 Y=-51200.000 Z=-25600.000), Max=(X=0.000 Y=-25600.000 Z=0.000) RuntimeGrid:None EditorOnly:0 RuntimeOnly:0 HLODRelevant:1
 |   |   |- [+] [ 54]
 |   |   |   |- Guid:BD807F5F481FBE9823A87FA248BEE3D5 BaseClass: NativeClass:/Script/Foliage.InstancedFoliageActor Name:InstancedFoliageActor_25600_-1_-2_0 Label:InstancedFoliageActor_-1_-2_0 SpatiallyLoaded:1 Bounds:IsValid=true, Min=(X=-25600.000 Y=-51200.000 Z=0.000), Max=(X=0.000 Y=-25600.000 Z=25600.000) RuntimeGrid:None EditorOnly:0 RuntimeOnly:0 HLODRelevant:1
 |   |   |- [+] [ 55]
 |   |   |   |- Guid:CCCA4B0C4D4C702BD7C326BEA8DA6949 BaseClass: NativeClass:/Script/Foliage.InstancedFoliageActor Name:InstancedFoliageActor_25600_-2_-2_0 Label:InstancedFoliageActor_-2_-2_0 SpatiallyLoaded:1 Bounds:IsValid=true, Min=(X=-51200.000 Y=-51200.000 Z=0.000), Max=(X=-25600.000 Y=-25600.000 Z=25600.000) RuntimeGrid:None EditorOnly:0 RuntimeOnly:0 HLODRelevant:1
 |   |   |- [+] [ 56]
 |   |   |   |- Guid:F5B047B7464FF5EC6E868B852C5EF2A4 BaseClass: NativeClass:/Script/Foliage.InstancedFoliageActor Name:InstancedFoliageActor_25600_0_-1_-1 Label:InstancedFoliageActor_0_-1_-1 SpatiallyLoaded:1 Bounds:IsValid=true, Min=(X=0.000 Y=-25600.000 Z=-25600.000), Max=(X=25600.000 Y=0.000 Z=0.000) RuntimeGrid:None EditorOnly:0 RuntimeOnly:0 HLODRelevant:1
 |- ContainerInstances:
 |- [+] MainContainer:
 |   |-        ID: 0x0000000000000000
 |   |-    Bounds: IsValid=true, Min=(X=-51200.000 Y=-51200.000 Z=-25600.000), Max=(X=51200.000 Y=51200.000 Z=25600.000)
 |   |- Transform: 0.000000,0.000000,0.000000|0.000000,0.000000,-0.000000|1.000000,1.000000,1.000000
 |   |- Container: /Game/Maps/FoliageTest
----------------------------------------------------------------------------------------------------------------
FoliageTest - Persistent Level
----------------------------------------------------------------------------------------------------------------
Always loaded Actor Count: 65 

----------------------------------------------------------------------------------------------------------------
FoliageTest - Runtime Spatial Hash - Streaming Grid - MainGrid
----------------------------------------------------------------------------------------------------------------
            Origin: X=0.000 Y=0.000 Z=0.000
         Cell Size: 25600
      World Bounds: IsValid=true, Min=(X=-51200.000 Y=-51200.000 Z=-25600.000), Max=(X=51200.000 Y=51200.000 Z=25600.000)
     Loading Range: 76800.00
Block Slow Loading: No
 ClientOnlyVisible: No

[+] Grid Levels: 3
 |- Level  0: Cell Count   16 | Cell Size   25600 | Actor Count   44 (95.7%)
 |- Level  1: Cell Count    1 | Cell Size   51200 | Actor Count    2 (4.3%)
 |- Level  2: Cell Count    0 | Cell Size  102400 | Actor Count    0 (0.0%)

[+] Content of Grid Level 0
 |- [+] Content of Cell MainGrid_L0_X0_Y1
 |   |- Actor Count: 3
 |   |- MinMaxZ: X=-25600.000 Y=25600.000
 |   |- Actor Path: /Game/Maps/FoliageTest.FoliageTest:PersistentLevel.InstancedFoliageActor_25600_0_1_0
 |   |- Actor Package: /Game/__ExternalActors__/Maps/FoliageTest/0/BM/5H4508692EWIB42WIQ9WEQ
 |   |- Actor Path: /Game/Maps/FoliageTest.FoliageTest:PersistentLevel.LandscapeStreamingProxy_D7T4VF4LBP34PHV9XOEVM5TIG_1_4_5_0
 |   |- Actor Package: /Game/__ExternalActors__/Maps/FoliageTest/2/1Z/YOZ341DQKP8G6U5TUFWVE1
 |   |- Actor Path: /Game/Maps/FoliageTest.FoliageTest:PersistentLevel.InstancedFoliageActor_25600_0_1_-1
 |   |- Actor Package: /Game/__ExternalActors__/Maps/FoliageTest/3/7J/376GXIQYK9Z109C81PFBLK
 |- [+] Content of Cell MainGrid_L0_X-1_Y-2
 |   |- Actor Count: 3
 |   |- MinMaxZ: X=-25600.000 Y=25600.000
 |   |- Actor Path: /Game/Maps/FoliageTest.FoliageTest:PersistentLevel.LandscapeStreamingProxy_D7T4VF4LBP34PHV9XOEVM5TIG_1_3_2_0
 |   |- Actor Package: /Game/__ExternalActors__/Maps/FoliageTest/1/DR/K8719DATAABIF2TLHRWKXT
 |   |- Actor Path: /Game/Maps/FoliageTest.FoliageTest:PersistentLevel.InstancedFoliageActor_25600_-1_-2_-1
 |   |- Actor Package: /Game/__ExternalActors__/Maps/FoliageTest/0/YR/Z26WDXWGLB9IRW9PKIH9ZP
 |   |- Actor Path: /Game/Maps/FoliageTest.FoliageTest:PersistentLevel.InstancedFoliageActor_25600_-1_-2_0
 |   |- Actor Package: /Game/__ExternalActors__/Maps/FoliageTest/3/YC/I4WM3EYTQ1WNMXIQ97RI8N
 |- [+] Content of Cell MainGrid_L0_X1_Y0
 |   |- Actor Count: 8
 |   |- MinMaxZ: X=-25600.000 Y=25600.000
 |   |- Actor Path: /Game/Maps/FoliageTest.FoliageTest:PersistentLevel.LandscapeStreamingProxy_D7T4VF4LBP34PHV9XOEVM5TIG_1_5_4_0
 |   |- Actor Package: /Game/__ExternalActors__/Maps/FoliageTest/2/20/07XVR93TG0HMHA3CDLWZI7
 |   |- Actor Path: /Game/Maps/FoliageTest.FoliageTest:PersistentLevel.DogClass_C_UAID_2CF05D62A2A547FC01_1949150770
 |   |- Actor Package: /Game/__ExternalActors__/Maps/FoliageTest/5/6F/ABXB8C573VHRFXPFDZIPJ6
 |   |- Actor Path: /Game/Maps/FoliageTest.FoliageTest:PersistentLevel.BearClass_C_UAID_2CF05D62A2A57EFC01_1764330447
 |   |- Actor Package: /Game/__ExternalActors__/Maps/FoliageTest/8/BR/HWWXMA7380K0CD3QZUGZ9N
 |   |- Actor Path: /Game/Maps/FoliageTest.FoliageTest:PersistentLevel.StaticMeshActor_UAID_F44D30BAE7B61AFC01_1940899848
 |   |- Actor Package: /Game/__ExternalActors__/Maps/FoliageTest/9/ED/4H4LZ6CDO7F6MTXX7IV7CD
 |   |- Actor Path: /Game/Maps/FoliageTest.FoliageTest:PersistentLevel.DogClass_C_UAID_2CF05D62A2A547FC01_1946453769
 |   |- Actor Package: /Game/__ExternalActors__/Maps/FoliageTest/A/3S/5T2HV6CWRV5HYLGOV3ZXKF
 |   |- Actor Path: /Game/Maps/FoliageTest.FoliageTest:PersistentLevel.InstancedFoliageActor_25600_1_0_-1
 |   |- Actor Package: /Game/__ExternalActors__/Maps/FoliageTest/B/FT/7NK0OHX06BBEPP6BJ393UG
 |   |- Actor Path: /Game/Maps/FoliageTest.FoliageTest:PersistentLevel.InstancedFoliageActor_25600_1_0_0
 |   |- Actor Package: /Game/__ExternalActors__/Maps/FoliageTest/D/0I/97LLJ86PW4R86PKXRC9B5I
 |   |- Actor Path: /Game/Maps/FoliageTest.FoliageTest:PersistentLevel.DogClass_C_UAID_2CF05D62A2A547FC01_1943979768
 |   |- Actor Package: /Game/__ExternalActors__/Maps/FoliageTest/D/PF/QV1RT9BL7SGVTB44W7HHU3
 |- [+] Content of Cell MainGrid_L0_X0_Y-2
 |   |- Actor Count: 1
 |   |- MinMaxZ: X=-4.688 Y=1064.062
 |   |- Actor Path: /Game/Maps/FoliageTest.FoliageTest:PersistentLevel.LandscapeStreamingProxy_D7T4VF4LBP34PHV9XOEVM5TIG_1_4_2_0
 |   |- Actor Package: /Game/__ExternalActors__/Maps/FoliageTest/3/6E/64JZO6NSZ7HDB7CKP3LR69
 |- [+] Content of Cell MainGrid_L0_X0_Y0
 |   |- Actor Count: 4
 |   |- MinMaxZ: X=-25600.000 Y=25600.000
 |   |- Actor Path: /Game/Maps/FoliageTest.FoliageTest:PersistentLevel.LandscapeStreamingProxy_D7T4VF4LBP34PHV9XOEVM5TIG_1_4_4_0
 |   |- Actor Package: /Game/__ExternalActors__/Maps/FoliageTest/3/F1/RQO94MSWLYBK2QSE0P44WH
 |   |- Actor Path: /Game/Maps/FoliageTest.FoliageTest:PersistentLevel.StaticMeshActor_UAID_F44D30BAE90126FC01_1346236965
 |   |- Actor Package: /Game/__ExternalActors__/Maps/FoliageTest/C/9P/LOG7P0KO6BJRZ5BR88509X
 |   |- Actor Path: /Game/Maps/FoliageTest.FoliageTest:PersistentLevel.InstancedFoliageActor_25600_0_0_0
 |   |- Actor Package: /Game/__ExternalActors__/Maps/FoliageTest/E/53/POVZ77SK883F781UAJ78EF
 |   |- Actor Path: /Game/Maps/FoliageTest.FoliageTest:PersistentLevel.InstancedFoliageActor_25600_0_0_-1
 |   |- Actor Package: /Game/__ExternalActors__/Maps/FoliageTest/E/D7/WZDWYH0HO0VBACOMJ7ARHL
 |- [+] Content of Cell MainGrid_L0_X1_Y-1
 |   |- Actor Count: 1
 |   |- MinMaxZ: X=-3218.750 Y=3310.156
 |   |- Actor Path: /Game/Maps/FoliageTest.FoliageTest:PersistentLevel.LandscapeStreamingProxy_D7T4VF4LBP34PHV9XOEVM5TIG_1_5_3_0
 |   |- Actor Package: /Game/__ExternalActors__/Maps/FoliageTest/4/2C/B55FUODFN9EZWDZVXDA5XF
 |- [+] Content of Cell MainGrid_L0_X0_Y-1
 |   |- Actor Count: 3
 |   |- MinMaxZ: X=-25600.000 Y=25600.000
 |   |- Actor Path: /Game/Maps/FoliageTest.FoliageTest:PersistentLevel.LandscapeStreamingProxy_D7T4VF4LBP34PHV9XOEVM5TIG_1_4_3_0
 |   |- Actor Package: /Game/__ExternalActors__/Maps/FoliageTest/5/MU/ZNLBTED7SSYGPWN9ARONSR
 |   |- Actor Path: /Game/Maps/FoliageTest.FoliageTest:PersistentLevel.InstancedFoliageActor_25600_0_-1_0
 |   |- Actor Package: /Game/__ExternalActors__/Maps/FoliageTest/B/WH/HBVAQRERI50CX05K3LGN40
 |   |- Actor Path: /Game/Maps/FoliageTest.FoliageTest:PersistentLevel.InstancedFoliageActor_25600_0_-1_-1
 |   |- Actor Package: /Game/__ExternalActors__/Maps/FoliageTest/E/AB/S2HVNYX3MQ02JS2ANMKGEK
 |- [+] Content of Cell MainGrid_L0_X-2_Y-1
 |   |- Actor Count: 2
 |   |- MinMaxZ: X=0.000 Y=25600.000
 |   |- Actor Path: /Game/Maps/FoliageTest.FoliageTest:PersistentLevel.LandscapeStreamingProxy_D7T4VF4LBP34PHV9XOEVM5TIG_1_2_3_0
 |   |- Actor Package: /Game/__ExternalActors__/Maps/FoliageTest/6/4G/GXE1QZ2T7B9PCDRR6G7D9C
 |   |- Actor Path: /Game/Maps/FoliageTest.FoliageTest:PersistentLevel.InstancedFoliageActor_25600_-2_-1_0
 |   |- Actor Package: /Game/__ExternalActors__/Maps/FoliageTest/0/2V/2DS5WSA2IS3TTV5Q0TIGZN
 |- [+] Content of Cell MainGrid_L0_X-2_Y-2
 |   |- Actor Count: 2
 |   |- MinMaxZ: X=0.000 Y=25600.000
 |   |- Actor Path: /Game/Maps/FoliageTest.FoliageTest:PersistentLevel.LandscapeStreamingProxy_D7T4VF4LBP34PHV9XOEVM5TIG_1_2_2_0
 |   |- Actor Package: /Game/__ExternalActors__/Maps/FoliageTest/7/7D/AA1ARV2P0R0WABM4WEK5IJ
 |   |- Actor Path: /Game/Maps/FoliageTest.FoliageTest:PersistentLevel.InstancedFoliageActor_25600_-2_-2_0
 |   |- Actor Package: /Game/__ExternalActors__/Maps/FoliageTest/1/DJ/3RS5BRFMCWDRIHHTG3RM0E
 |- [+] Content of Cell MainGrid_L0_X1_Y1
 |   |- Actor Count: 2
 |   |- MinMaxZ: X=0.000 Y=25600.000
 |   |- Actor Path: /Game/Maps/FoliageTest.FoliageTest:PersistentLevel.InstancedFoliageActor_25600_1_1_0
 |   |- Actor Package: /Game/__ExternalActors__/Maps/FoliageTest/8/VM/S9LIUZQ72FRX9G9KX9KBWC
 |   |- Actor Path: /Game/Maps/FoliageTest.FoliageTest:PersistentLevel.LandscapeStreamingProxy_D7T4VF4LBP34PHV9XOEVM5TIG_1_5_5_0
 |   |- Actor Package: /Game/__ExternalActors__/Maps/FoliageTest/A/3Q/WGS2E09G5D7Q9CM03FVN9Q
 |- [+] Content of Cell MainGrid_L0_X1_Y-2
 |   |- Actor Count: 2
 |   |- MinMaxZ: X=0.000 Y=25600.000
 |   |- Actor Path: /Game/Maps/FoliageTest.FoliageTest:PersistentLevel.LandscapeStreamingProxy_D7T4VF4LBP34PHV9XOEVM5TIG_1_5_2_0
 |   |- Actor Package: /Game/__ExternalActors__/Maps/FoliageTest/8/YV/RBTY3JRHQ2DMNRZ2AJPS23
 |   |- Actor Path: /Game/Maps/FoliageTest.FoliageTest:PersistentLevel.InstancedFoliageActor_25600_1_-2_0
 |   |- Actor Package: /Game/__ExternalActors__/Maps/FoliageTest/A/G4/1J24HB2KO9M57HGFWF0V6F
 |- [+] Content of Cell MainGrid_L0_X-1_Y0
 |   |- Actor Count: 3
 |   |- MinMaxZ: X=-25600.000 Y=25600.000
 |   |- Actor Path: /Game/Maps/FoliageTest.FoliageTest:PersistentLevel.LandscapeStreamingProxy_D7T4VF4LBP34PHV9XOEVM5TIG_1_3_4_0
 |   |- Actor Package: /Game/__ExternalActors__/Maps/FoliageTest/A/4H/4N5AK7ILBMZBXK0WVKF15D
 |   |- Actor Path: /Game/Maps/FoliageTest.FoliageTest:PersistentLevel.InstancedFoliageActor_25600_-1_0_0
 |   |- Actor Package: /Game/__ExternalActors__/Maps/FoliageTest/0/J9/2FO4AHIJTUY2BQ85IU143U
 |   |- Actor Path: /Game/Maps/FoliageTest.FoliageTest:PersistentLevel.InstancedFoliageActor_25600_-1_0_-1
 |   |- Actor Package: /Game/__ExternalActors__/Maps/FoliageTest/E/XV/207EHD18ESBPDIV7R06KCE
 |- [+] Content of Cell MainGrid_L0_X-2_Y0
 |   |- Actor Count: 3
 |   |- MinMaxZ: X=-25600.000 Y=25600.000
 |   |- Actor Path: /Game/Maps/FoliageTest.FoliageTest:PersistentLevel.LandscapeStreamingProxy_D7T4VF4LBP34PHV9XOEVM5TIG_1_2_4_0
 |   |- Actor Package: /Game/__ExternalActors__/Maps/FoliageTest/A/WE/1NKCZ03G2U1XXHF1FSL61F
 |   |- Actor Path: /Game/Maps/FoliageTest.FoliageTest:PersistentLevel.InstancedFoliageActor_25600_-2_0_0
 |   |- Actor Package: /Game/__ExternalActors__/Maps/FoliageTest/E/Q6/CT2UBPN8LB6F2M049F877J
 |   |- Actor Path: /Game/Maps/FoliageTest.FoliageTest:PersistentLevel.InstancedFoliageActor_25600_-2_0_-1
 |   |- Actor Package: /Game/__ExternalActors__/Maps/FoliageTest/4/ND/0Q3LOGA9UGNI8YJU3KXV4S
 |- [+] Content of Cell MainGrid_L0_X-2_Y1
 |   |- Actor Count: 2
 |   |- MinMaxZ: X=0.000 Y=25600.000
 |   |- Actor Path: /Game/Maps/FoliageTest.FoliageTest:PersistentLevel.LandscapeStreamingProxy_D7T4VF4LBP34PHV9XOEVM5TIG_1_2_5_0
 |   |- Actor Package: /Game/__ExternalActors__/Maps/FoliageTest/B/0F/T9522638VGWQLFA1AG19MK
 |   |- Actor Path: /Game/Maps/FoliageTest.FoliageTest:PersistentLevel.InstancedFoliageActor_25600_-2_1_0
 |   |- Actor Package: /Game/__ExternalActors__/Maps/FoliageTest/0/J5/QE5OGJOURRY8683LOVXAK8
 |- [+] Content of Cell MainGrid_L0_X-1_Y-1
 |   |- Actor Count: 3
 |   |- MinMaxZ: X=-25600.000 Y=25600.000
 |   |- Actor Path: /Game/Maps/FoliageTest.FoliageTest:PersistentLevel.LandscapeStreamingProxy_D7T4VF4LBP34PHV9XOEVM5TIG_1_3_3_0
 |   |- Actor Package: /Game/__ExternalActors__/Maps/FoliageTest/B/QD/DIVTABVUJR1VOPNK8WHLPO
 |   |- Actor Path: /Game/Maps/FoliageTest.FoliageTest:PersistentLevel.InstancedFoliageActor_25600_-1_-1_0
 |   |- Actor Package: /Game/__ExternalActors__/Maps/FoliageTest/9/Z1/SG9LR6MN08RBRZ3DUYU6KB
 |   |- Actor Path: /Game/Maps/FoliageTest.FoliageTest:PersistentLevel.InstancedFoliageActor_25600_-1_-1_-1
 |   |- Actor Package: /Game/__ExternalActors__/Maps/FoliageTest/B/FZ/0Q50DN7APKUEK9DEO88RO1
 |- [+] Content of Cell MainGrid_L0_X-1_Y1
 |   |- Actor Count: 2
 |   |- MinMaxZ: X=0.000 Y=25600.000
 |   |- Actor Path: /Game/Maps/FoliageTest.FoliageTest:PersistentLevel.LandscapeStreamingProxy_D7T4VF4LBP34PHV9XOEVM5TIG_1_3_5_0
 |   |- Actor Package: /Game/__ExternalActors__/Maps/FoliageTest/D/LW/9CKND3W0Q1SRLNC4NENQ20
 |   |- Actor Path: /Game/Maps/FoliageTest.FoliageTest:PersistentLevel.InstancedFoliageActor_25600_-1_1_0
 |   |- Actor Package: /Game/__ExternalActors__/Maps/FoliageTest/0/6W/MW3YHA2BI5SREU115CF3NF
[+] Content of Grid Level 1
 |- [+] Content of Cell MainGrid_L1_X-1_Y0
 |   |- Actor Count: 2
 |   |- MinMaxZ: X=6401.877 Y=8797.577
 |   |- Actor Path: /Game/Maps/FoliageTest.FoliageTest:PersistentLevel.StaticMeshActor_UAID_8C882B21566ED6FD01_1452001995
 |   |- Actor Package: /Game/__ExternalActors__/Maps/FoliageTest/5/11/FX9TA2M9VF6AYE1Q0FCK18
 |   |- Actor Path: /Game/Maps/FoliageTest.FoliageTest:PersistentLevel.StaticMeshActor_UAID_8C882B21566ED6FD01_1612353999
 |   |- Actor Package: /Game/__ExternalActors__/Maps/FoliageTest/9/FR/ALF4H8K406W79JRAVO9QNS
[+] Content of Grid Level 2

